<?xml version="1.0" encoding="UTF-8"?>
<!-- Generated by org.testng.reporters.JUnitXMLReporter -->
<testsuite ignored="3" hostname="DESKTOP-T261M5B" failures="1" tests="2" name="Test" time="72.667" errors="0" timestamp="2023-05-30T12:19:34 IST">
  <testcase classname="hrmGenericUtilities.BaseClass" name="@AfterMethod AM" time="10.876">
    <failure type="org.openqa.selenium.NoSuchElementException" message="no such element: Unable to locate element: {&amp;quot;method&amp;quot;:&amp;quot;xpath&amp;quot;,&amp;quot;selector&amp;quot;:&amp;quot;//i[@class=&amp;apos;fa fa-user&amp;apos;]&amp;quot;}
  (Session info: MicrosoftEdge=113.0.1774.57)
For documentation on this error, please visit: https://selenium.dev/exceptions/#no_such_element
Build info: version: &amp;apos;4.9.1&amp;apos;, revision: &amp;apos;eb2032df7f&amp;apos;
System info: os.name: &amp;apos;Windows 11&amp;apos;, os.arch: &amp;apos;amd64&amp;apos;, os.version: &amp;apos;10.0&amp;apos;, java.version: &amp;apos;19&amp;apos;
Driver info: org.openqa.selenium.edge.EdgeDriver
Command: [68f02ea2c973130fc04c88a51d2a6563, findElement {using=xpath, value=//i[@class=&amp;apos;fa fa-user&amp;apos;]}]
Capabilities {acceptInsecureCerts: false, browserName: msedge, browserVersion: 113.0.1774.57, ms:edgeOptions: {debuggerAddress: localhost:57185}, msedge: {msedgedriverVersion: 113.0.1774.57 (b3b212deff59..., userDataDir: C:\Users\hp\AppData\Local\T...}, networkConnectionEnabled: false, pageLoadStrategy: normal, platformName: windows, proxy: Proxy(), se:cdp: ws://localhost:57185/devtoo..., se:cdpVersion: 113.0.1774.57, setWindowRect: true, strictFileInteractability: false, timeouts: {implicit: 0, pageLoad: 300000, script: 30000}, unhandledPromptBehavior: dismiss and notify, webauthn:extension:credBlob: true, webauthn:extension:largeBlob: true, webauthn:extension:minPinLength: true, webauthn:extension:prf: true, webauthn:virtualAuthenticators: true}
Session ID: 68f02ea2c973130fc04c88a51d2a6563">
      <![CDATA[org.openqa.selenium.NoSuchElementException: no such element: Unable to locate element: {"method":"xpath","selector":"//i[@class='fa fa-user']"}
  (Session info: MicrosoftEdge=113.0.1774.57)
For documentation on this error, please visit: https://selenium.dev/exceptions/#no_such_element
Build info: version: '4.9.1', revision: 'eb2032df7f'
System info: os.name: 'Windows 11', os.arch: 'amd64', os.version: '10.0', java.version: '19'
Driver info: org.openqa.selenium.edge.EdgeDriver
Command: [68f02ea2c973130fc04c88a51d2a6563, findElement {using=xpath, value=//i[@class='fa fa-user']}]
Capabilities {acceptInsecureCerts: false, browserName: msedge, browserVersion: 113.0.1774.57, ms:edgeOptions: {debuggerAddress: localhost:57185}, msedge: {msedgedriverVersion: 113.0.1774.57 (b3b212deff59..., userDataDir: C:\Users\hp\AppData\Local\T...}, networkConnectionEnabled: false, pageLoadStrategy: normal, platformName: windows, proxy: Proxy(), se:cdp: ws://localhost:57185/devtoo..., se:cdpVersion: 113.0.1774.57, setWindowRect: true, strictFileInteractability: false, timeouts: {implicit: 0, pageLoad: 300000, script: 30000}, unhandledPromptBehavior: dismiss and notify, webauthn:extension:credBlob: true, webauthn:extension:largeBlob: true, webauthn:extension:minPinLength: true, webauthn:extension:prf: true, webauthn:virtualAuthenticators: true}
Session ID: 68f02ea2c973130fc04c88a51d2a6563
at org.openqa.selenium.remote.codec.w3c.W3CHttpResponseCodec.createException(W3CHttpResponseCodec.java:200)
at org.openqa.selenium.remote.codec.w3c.W3CHttpResponseCodec.decode(W3CHttpResponseCodec.java:133)
at org.openqa.selenium.remote.codec.w3c.W3CHttpResponseCodec.decode(W3CHttpResponseCodec.java:53)
at org.openqa.selenium.remote.HttpCommandExecutor.execute(HttpCommandExecutor.java:193)
at org.openqa.selenium.remote.service.DriverCommandExecutor.invokeExecute(DriverCommandExecutor.java:183)
at org.openqa.selenium.remote.service.DriverCommandExecutor.execute(DriverCommandExecutor.java:158)
at org.openqa.selenium.remote.RemoteWebDriver.execute(RemoteWebDriver.java:543)
at org.openqa.selenium.remote.ElementLocation$ElementFinder$2.findElement(ElementLocation.java:162)
at org.openqa.selenium.remote.ElementLocation.findElement(ElementLocation.java:60)
at org.openqa.selenium.remote.RemoteWebDriver.findElement(RemoteWebDriver.java:352)
at org.openqa.selenium.remote.RemoteWebDriver.findElement(RemoteWebDriver.java:344)
at org.openqa.selenium.support.pagefactory.DefaultElementLocator.findElement(DefaultElementLocator.java:70)
at org.openqa.selenium.support.pagefactory.internal.LocatingElementHandler.invoke(LocatingElementHandler.java:39)
at jdk.proxy2/jdk.proxy2.$Proxy21.click(Unknown Source)
at POM.HomePage.logOutFromApp(HomePage.java:50)
at hrmGenericUtilities.BaseClass.AM(BaseClass.java:99)
at java.base/java.util.ArrayList.forEach(ArrayList.java:1511)
... Removed 33 stack frames]]>
    </failure>
  </testcase> <!-- @AfterMethod AM -->
  <testcase classname="hrmGenericUtilities.BaseClass" name="@AfterClass AC" time="-1.685429332872E9">
    <skipped/>
  </testcase> <!-- @AfterClass AC -->
  <testcase classname="com.hrm.Coropate.DeleteCorporate" name="deleteCorporate" time="11.068"/>
  <testcase classname="com.hrm.Employee.DeleteEmployee" name="createEmployeeAsHrHeadAndDelete" time="31.473">
    <failure type="java.lang.AssertionError" message="Added expected [true] but found [false]">
      <![CDATA[java.lang.AssertionError: Added expected [true] but found [false]
at POM.AddEmployeePage.assetVerifyEmployee(AddEmployeePage.java:126)
at com.hrm.Employee.DeleteEmployee.createEmployeeAsHrHeadAndDelete(DeleteEmployee.java:76)
at java.base/java.util.ArrayList.forEach(ArrayList.java:1511)
... Removed 28 stack frames]]>
    </failure>
  </testcase> <!-- createEmployeeAsHrHeadAndDelete -->
  <testcase classname="com.hrm.Employee.DeleteEmployee" name="testThis" time="0.0">
    <ignored/>
  </testcase> <!-- testThis -->
  <testcase classname="hrmGenericUtilities.BaseClass" name="@AfterSuite closeBD" time="0.0">
    <ignored/>
  </testcase> <!-- @AfterSuite closeBD -->
  <testcase classname="hrmGenericUtilities.BaseClass" name="@BeforeSuite connectDB" time="0.0">
    <ignored/>
  </testcase> <!-- @BeforeSuite connectDB -->
</testsuite> <!-- Test -->
